<?xml version="1.0" encoding="UTF-8"?>
<!-- Generated by org.testng.reporters.JUnitReportReporter -->
<testsuite name="TestScripts.BidSummaryrate" tests="1" time="30.611" ignored="0" failures="0" timestamp="16 Feb 2017 12:41:46 GMT" skipped="0" hostname="OPT-LAP-0213.local" errors="0">
  <testcase name="BidSummaryrate" time="30.611" classname="TestScripts.BidSummaryrate"/>
</testsuite> <!-- TestScripts.BidSummaryrate -->
