<?xml version="1.0" encoding="UTF-8"?>
<!-- Generated by org.testng.reporters.JUnitReportReporter -->
<testsuite skipped="0" hostname="OPT-LAP-0110" name="TestScripts.Registration" tests="1" failures="0" timestamp="2 Mar 2017 12:22:46 GMT" time="209.914" errors="0">
  <testcase name="Registration" time="209.914" classname="TestScripts.Registration"/>
</testsuite> <!-- TestScripts.Registration -->
