<?xml version="1.0" encoding="UTF-8"?>
<!-- Generated by org.testng.reporters.JUnitReportReporter -->
<testsuite skipped="0" hostname="OPT-LAP-0110" name="TestScripts.IncidentFormCustomerApprover" tests="1" failures="0" timestamp="1 Mar 2017 08:38:23 GMT" time="326.207" errors="0">
  <testcase name="IncidentForm_CustomerApprover" time="326.207" classname="TestScripts.IncidentFormCustomerApprover"/>
</testsuite> <!-- TestScripts.IncidentFormCustomerApprover -->
