<?xml version="1.0" encoding="UTF-8"?>
<!-- Generated by org.testng.reporters.JUnitReportReporter -->
<testsuite skipped="0" hostname="OPT-LAP-0110" name="TestScripts.BidSummary5" tests="1" failures="0" timestamp="2 Mar 2017 13:44:32 GMT" time="59.928" errors="0">
  <testcase name="BidSummary" time="59.928" classname="TestScripts.BidSummary5"/>
</testsuite> <!-- TestScripts.BidSummary5 -->
