<?xml version="1.0" encoding="UTF-8"?>
<!-- Generated by org.testng.reporters.JUnitReportReporter -->
<testsuite skipped="0" hostname="OPT-LAP-0110" name="TestScripts.BidSummary_return3" tests="1" failures="0" timestamp="2 Mar 2017 13:37:28 GMT" time="91.049" errors="0">
  <testcase name="BidSummary1" time="91.049" classname="TestScripts.BidSummary_return3"/>
</testsuite> <!-- TestScripts.BidSummary_return3 -->
