<?xml version="1.0" encoding="UTF-8"?>
<!-- Generated by org.testng.reporters.JUnitReportReporter -->
<testsuite hostname="OPT-LAP-0110" name="TestScripts.NewTest" tests="1" failures="0" timestamp="6 Jan 2017 10:18:16 GMT" time="0.008" errors="0">
  <testcase name="f" time="0.008" classname="TestScripts.NewTest"/>
</testsuite> <!-- TestScripts.NewTest -->
