<?xml version="1.0" encoding="UTF-8"?>
<!-- Generated by org.testng.reporters.JUnitReportReporter -->
<testsuite skipped="0" hostname="OPT-LAP-0110" name="TestScripts.ManageTeam" tests="1" failures="0" timestamp="2 Mar 2017 12:37:52 GMT" time="292.440" errors="0">
  <testcase name="ManageTeam" time="292.440" classname="TestScripts.ManageTeam"/>
</testsuite> <!-- TestScripts.ManageTeam -->
