<?xml version="1.0" encoding="UTF-8"?>
<!-- Generated by org.testng.reporters.JUnitReportReporter -->
<testsuite skipped="0" hostname="OPT-LAP-0110" name="TestScripts.IncidentFormcCustomerRequestor" tests="1" failures="0" timestamp="2 Mar 2017 12:45:08 GMT" time="252.578" errors="0">
  <testcase name="IncidentForm_CustomerRequestor" time="252.578" classname="TestScripts.IncidentFormcCustomerRequestor"/>
</testsuite> <!-- TestScripts.IncidentFormcCustomerRequestor -->
