<?xml version="1.0" encoding="UTF-8"?>
<!-- Generated by org.testng.reporters.JUnitReportReporter -->
<testsuite skipped="0" hostname="OPT-LAP-0110" name="TestScripts.IncidentFormCustomerApprover1" tests="1" failures="0" timestamp="2 Mar 2017 13:02:52 GMT" time="336.993" errors="0">
  <testcase name="IncidentForm_CustomerApprover" time="336.993" classname="TestScripts.IncidentFormCustomerApprover1"/>
</testsuite> <!-- TestScripts.IncidentFormCustomerApprover1 -->
