<?xml version="1.0" encoding="UTF-8"?>
<!-- Generated by org.testng.reporters.JUnitReportReporter -->
<testsuite name="TestScripts.BidSummary" tests="1" time="29.087" ignored="0" failures="0" timestamp="16 Feb 2017 12:31:16 GMT" skipped="0" hostname="OPT-LAP-0213.local" errors="0">
  <testcase name="BidSummary" time="29.087" classname="TestScripts.BidSummary"/>
</testsuite> <!-- TestScripts.BidSummary -->
