<?xml version="1.0" encoding="UTF-8"?>
<!-- Generated by org.testng.reporters.JUnitReportReporter -->
<testsuite skipped="0" hostname="OPT-LAP-0110" name="TestScripts.Customer_invitation" tests="1" failures="0" timestamp="2 Mar 2017 09:38:41 GMT" time="110.572" errors="0">
  <testcase name="Customer_invitation" time="110.572" classname="TestScripts.Customer_invitation"/>
</testsuite> <!-- TestScripts.Customer_invitation -->
