<?xml version="1.0" encoding="UTF-8"?>
<!-- Generated by org.testng.reporters.JUnitReportReporter -->
<testsuite skipped="0" hostname="OPT-LAP-0110" name="TestScripts.Login" tests="1" failures="0" timestamp="2 Mar 2017 12:25:25 GMT" time="108.138" errors="0">
  <testcase name="login" time="108.138" classname="TestScripts.Login"/>
</testsuite> <!-- TestScripts.Login -->
