<?xml version="1.0" encoding="UTF-8"?>
<!-- Generated by org.testng.reporters.JUnitReportReporter -->
<testsuite skipped="0" hostname="OPT-LAP-0110" name="TestScripts.Forgotpassword" tests="1" failures="0" timestamp="2 Mar 2017 12:29:31 GMT" time="208.529" errors="0">
  <testcase name="forgotpassword" time="208.529" classname="TestScripts.Forgotpassword"/>
</testsuite> <!-- TestScripts.Forgotpassword -->
